<?xml version="1.0" encoding="UTF-8"?>
<!-- Generated by org.testng.reporters.JUnitReportReporter -->
<testsuite hostname="Mohanneds-MacBook-Pro.local" failures="0" tests="3" name="listenersdemo.TestListenerDemo2" time="0.006" errors="0" timestamp="02 Aug 2021 09:33:24 GMT" skipped="0">
  <testcase classname="listenersdemo.TestListenerDemo2" name="test1" time="0.001"/>
  <testcase classname="listenersdemo.TestListenerDemo2" name="test2" time="0.002"/>
  <testcase classname="listenersdemo.TestListenerDemo2" name="test3" time="0.003"/>
</testsuite> <!-- listenersdemo.TestListenerDemo2 -->
